# JRE version: Java(TM) SE Runtime Environment (8.0_191-b12) (build 1.8.0_191-b12)
# Java VM: Java HotSpot(TM) 64-Bit Server VM (25.191-b12 mixed mode windows-amd64 compressed oops)
Heap:
 PSYoungGen      total 548864K, used 162707K [0x00000000d5580000, 0x0000000100000000, 0x0000000100000000)
  eden space 518656K, 30% used [0x00000000d5580000,0x00000000dee77818,0x00000000f5000000)
  from space 30208K, 20% used [0x00000000f5000000,0x00000000f55ed3e8,0x00000000f6d80000)
  to   space 47616K, 0% used [0x00000000fd180000,0x00000000fd180000,0x0000000100000000)
 ParOldGen       total 87040K, used 86850K [0x0000000080000000, 0x0000000085500000, 0x00000000d5580000)
  object space 87040K, 99% used [0x0000000080000000,0x00000000854d0ba0,0x0000000085500000)
 Metaspace       used 93717K, capacity 99994K, committed 102272K, reserved 1136640K
  class space    used 12651K, capacity 13685K, committed 14464K, reserved 1048576K
GC Heap History (10 events):
Event: 491.652 GC heap before
{Heap before GC invocations=17 (full 3):
 PSYoungGen      total 300032K, used 300002K [0x00000000d5580000, 0x00000000f0d80000, 0x0000000100000000)
  eden space 280064K, 100% used [0x00000000d5580000,0x00000000e6700000,0x00000000e6700000)
  from space 19968K, 99% used [0x00000000e6700000,0x00000000e7a78a48,0x00000000e7a80000)
  to   space 24064K, 0% used [0x00000000ef600000,0x00000000ef600000,0x00000000f0d80000)
 ParOldGen       total 86016K, used 30683K [0x0000000080000000, 0x0000000085400000, 0x00000000d5580000)
  object space 86016K, 35% used [0x0000000080000000,0x0000000081df6c78,0x0000000085400000)
 Metaspace       used 68896K, capacity 72632K, committed 72832K, reserved 1112064K
  class space    used 9364K, capacity 10011K, committed 10112K, reserved 1048576K
Event: 491.780 GC heap after
Heap after GC invocations=17 (full 3):
 PSYoungGen      total 406016K, used 2240K [0x00000000d5580000, 0x00000000f0380000, 0x0000000100000000)
  eden space 392192K, 0% used [0x00000000d5580000,0x00000000d5580000,0x00000000ed480000)
  from space 13824K, 16% used [0x00000000ef600000,0x00000000ef830000,0x00000000f0380000)
  to   space 24064K, 0% used [0x00000000ed480000,0x00000000ed480000,0x00000000eec00000)
 ParOldGen       total 86016K, used 44250K [0x0000000080000000, 0x0000000085400000, 0x00000000d5580000)
  object space 86016K, 51% used [0x0000000080000000,0x0000000082b36978,0x0000000085400000)
 Metaspace       used 68896K, capacity 72632K, committed 72832K, reserved 1112064K
  class space    used 9364K, capacity 10011K, committed 10112K, reserved 1048576K
}
Event: 861.365 GC heap before
{Heap before GC invocations=18 (full 3):
 PSYoungGen      total 406016K, used 394426K [0x00000000d5580000, 0x00000000f0380000, 0x0000000100000000)
  eden space 392192K, 99% used [0x00000000d5580000,0x00000000ed47e8a8,0x00000000ed480000)
  from space 13824K, 16% used [0x00000000ef600000,0x00000000ef830000,0x00000000f0380000)
  to   space 24064K, 0% used [0x00000000ed480000,0x00000000ed480000,0x00000000eec00000)
 ParOldGen       total 86016K, used 44250K [0x0000000080000000, 0x0000000085400000, 0x00000000d5580000)
  object space 86016K, 51% used [0x0000000080000000,0x0000000082b36978,0x0000000085400000)
 Metaspace       used 69953K, capacity 74214K, committed 74496K, reserved 1114112K
  class space    used 9434K, capacity 10132K, committed 10240K, reserved 1048576K
Event: 861.474 GC heap after
Heap after GC invocations=18 (full 3):
 PSYoungGen      total 416256K, used 6224K [0x00000000d5580000, 0x00000000f8b00000, 0x0000000100000000)
  eden space 392192K, 0% used [0x00000000d5580000,0x00000000d5580000,0x00000000ed480000)
  from space 24064K, 25% used [0x00000000ed480000,0x00000000eda94010,0x00000000eec00000)
  to   space 23040K, 0% used [0x00000000f7480000,0x00000000f7480000,0x00000000f8b00000)
 ParOldGen       total 86016K, used 44768K [0x0000000080000000, 0x0000000085400000, 0x00000000d5580000)
  object space 86016K, 52% used [0x0000000080000000,0x0000000082bb8248,0x0000000085400000)
 Metaspace       used 69953K, capacity 74214K, committed 74496K, reserved 1114112K
  class space    used 9434K, capacity 10132K, committed 10240K, reserved 1048576K
}
Event: 1167.804 GC heap before
{Heap before GC invocations=19 (full 3):
 PSYoungGen      total 416256K, used 398416K [0x00000000d5580000, 0x00000000f8b00000, 0x0000000100000000)
  eden space 392192K, 100% used [0x00000000d5580000,0x00000000ed480000,0x00000000ed480000)
  from space 24064K, 25% used [0x00000000ed480000,0x00000000eda94010,0x00000000eec00000)
  to   space 23040K, 0% used [0x00000000f7480000,0x00000000f7480000,0x00000000f8b00000)
 ParOldGen       total 86016K, used 44768K [0x0000000080000000, 0x0000000085400000, 0x00000000d5580000)
  object space 86016K, 52% used [0x0000000080000000,0x0000000082bb8248,0x0000000085400000)
 Metaspace       used 83133K, capacity 88408K, committed 88576K, reserved 1126400K
  class space    used 11081K, capacity 11948K, committed 12032K, reserved 1048576K
Event: 1168.100 GC heap after
Heap after GC invocations=19 (full 3):
 PSYoungGen      total 539648K, used 23029K [0x00000000d5580000, 0x00000000f8b00000, 0x0000000100000000)
  eden space 516608K, 0% used [0x00000000d5580000,0x00000000d5580000,0x00000000f4e00000)
  from space 23040K, 99% used [0x00000000f7480000,0x00000000f8afd400,0x00000000f8b00000)
  to   space 30208K, 0% used [0x00000000f5000000,0x00000000f5000000,0x00000000f6d80000)
 ParOldGen       total 86016K, used 54564K [0x0000000080000000, 0x0000000085400000, 0x00000000d5580000)
  object space 86016K, 63% used [0x0000000080000000,0x00000000835491f8,0x0000000085400000)
 Metaspace       used 83133K, capacity 88408K, committed 88576K, reserved 1126400K
  class space    used 11081K, capacity 11948K, committed 12032K, reserved 1048576K
}
Event: 1172.019 GC heap before
{Heap before GC invocations=20 (full 3):
 PSYoungGen      total 539648K, used 257607K [0x00000000d5580000, 0x00000000f8b00000, 0x0000000100000000)
  eden space 516608K, 45% used [0x00000000d5580000,0x00000000e3a94818,0x00000000f4e00000)
  from space 23040K, 99% used [0x00000000f7480000,0x00000000f8afd400,0x00000000f8b00000)
  to   space 30208K, 0% used [0x00000000f5000000,0x00000000f5000000,0x00000000f6d80000)
 ParOldGen       total 86016K, used 54564K [0x0000000080000000, 0x0000000085400000, 0x00000000d5580000)
  object space 86016K, 63% used [0x0000000080000000,0x00000000835491f8,0x0000000085400000)
 Metaspace       used 91097K, capacity 98474K, committed 98560K, reserved 1134592K
  class space    used 12601K, capacity 13935K, committed 13952K, reserved 1048576K
Event: 1172.381 GC heap after
Heap after GC invocations=20 (full 3):
 PSYoungGen      total 548864K, used 30204K [0x00000000d5580000, 0x0000000100000000, 0x0000000100000000)
  eden space 518656K, 0% used [0x00000000d5580000,0x00000000d5580000,0x00000000f5000000)
  from space 30208K, 99% used [0x00000000f5000000,0x00000000f6d7f020,0x00000000f6d80000)
  to   space 47616K, 0% used [0x00000000fd180000,0x00000000fd180000,0x0000000100000000)
 ParOldGen       total 87040K, used 86898K [0x0000000080000000, 0x0000000085500000, 0x00000000d5580000)
  object space 87040K, 99% used [0x0000000080000000,0x00000000854dca50,0x0000000085500000)
 Metaspace       used 91097K, capacity 98474K, committed 98560K, reserved 1134592K
  class space    used 12601K, capacity 13935K, committed 13952K, reserved 1048576K
}
Event: 1172.382 GC heap before
{Heap before GC invocations=21 (full 4):
 PSYoungGen      total 548864K, used 30204K [0x00000000d5580000, 0x0000000100000000, 0x0000000100000000)
  eden space 518656K, 0% used [0x00000000d5580000,0x00000000d5580000,0x00000000f5000000)
  from space 30208K, 99% used [0x00000000f5000000,0x00000000f6d7f020,0x00000000f6d80000)
  to   space 47616K, 0% used [0x00000000fd180000,0x00000000fd180000,0x0000000100000000)
 ParOldGen       total 87040K, used 86898K [0x0000000080000000, 0x0000000085500000, 0x00000000d5580000)
  object space 87040K, 99% used [0x0000000080000000,0x00000000854dca50,0x0000000085500000)
 Metaspace       used 91097K, capacity 98474K, committed 98560K, reserved 1134592K
  class space    used 12601K, capacity 13935K, committed 13952K, reserved 1048576K
Event: 1179.307 GC heap after
Heap after GC invocations=21 (full 4):
 PSYoungGen      total 548864K, used 6068K [0x00000000d5580000, 0x0000000100000000, 0x0000000100000000)
  eden space 518656K, 0% used [0x00000000d5580000,0x00000000d5580000,0x00000000f5000000)
  from space 30208K, 20% used [0x00000000f5000000,0x00000000f55ed3e8,0x00000000f6d80000)
  to   space 47616K, 0% used [0x00000000fd180000,0x00000000fd180000,0x0000000100000000)
 ParOldGen       total 87040K, used 86850K [0x0000000080000000, 0x0000000085500000, 0x00000000d5580000)
  object space 87040K, 99% used [0x0000000080000000,0x00000000854d0ba0,0x0000000085500000)
 Metaspace       used 89371K, capacity 94502K, committed 98560K, reserved 1134592K
  class space    used 11971K, capacity 12835K, committed 13952K, reserved 1048576K
}

